<?xml version="1.0" encoding="UTF-8"?>
<!-- Generated by org.testng.reporters.JUnitReportReporter -->
<testsuite hostname="pc-sanjanay" name="com.tests.CrmContactTests" tests="1" failures="0" timestamp="1 Jun 2021 10:09:41 GMT" time="50.130" errors="0">
  <testcase name="createContact" time="50.130" classname="com.tests.CrmContactTests"/>
</testsuite> <!-- com.tests.CrmContactTests -->
