<?xml version="1.0" encoding="UTF-8"?>
<!-- Generated by org.testng.reporters.JUnitReportReporter -->
<testsuite hostname="DESKTOP-AE94GQP" name="com.tests.CrmAccountTests" tests="2" failures="0" timestamp="29 May 2021 16:08:26 GMT" time="7.356" errors="0">
  <testcase name="createAccountWithBillingAddress" time="5.328" classname="com.tests.CrmAccountTests"/>
  <testcase name="testcaseToCheckAValidPhoneNumber" time="2.028" classname="com.tests.CrmAccountTests"/>
</testsuite> <!-- com.tests.CrmAccountTests -->
