<?xml version="1.0" encoding="UTF-8"?>
<!-- Generated by org.testng.reporters.JUnitReportReporter -->
<testsuite hostname="DESKTOP-AE94GQP" name="com.tests.CrmContactTests" tests="1" failures="0" timestamp="27 May 2021 09:13:43 GMT" time="50.268" errors="0">
  <testcase name="createContact" time="50.268" classname="com.tests.CrmContactTests"/>
</testsuite> <!-- com.tests.CrmContactTests -->
