<?xml version="1.0" encoding="UTF-8"?>
<!-- Generated by org.testng.reporters.JUnitReportReporter -->
<testsuite hostname="DESKTOP-AE94GQP" name="com.tests.CrmUserTests" tests="1" failures="0" timestamp="27 May 2021 09:55:07 GMT" time="3.362" errors="0">
  <testcase name="createUser" time="3.362" classname="com.tests.CrmUserTests"/>
</testsuite> <!-- com.tests.CrmUserTests -->
