<?xml version="1.0" encoding="UTF-8"?>
<!-- Generated by org.testng.reporters.JUnitReportReporter -->
<testsuite hostname="DESKTOP-AE94GQP" name="com.tests.CrmAccountTests" tests="2" failures="0" timestamp="30 May 2021 04:14:22 GMT" time="11.575" errors="0">
  <testcase name="testcaseToCheckAValidPhoneNumber" time="2.706" classname="com.tests.CrmAccountTests"/>
  <testcase name="createAccountWithBillingAddress" time="8.869" classname="com.tests.CrmAccountTests"/>
</testsuite> <!-- com.tests.CrmAccountTests -->
