<?xml version="1.0" encoding="UTF-8"?>
<!-- Generated by org.testng.reporters.JUnitReportReporter -->
<testsuite hostname="DESKTOP-AE94GQP" name="com.tests.CrmLeadTests" tests="1" failures="0" timestamp="27 May 2021 09:38:20 GMT" time="6.596" errors="0">
  <testcase name="createLead" time="6.596" classname="com.tests.CrmLeadTests"/>
</testsuite> <!-- com.tests.CrmLeadTests -->
