<?xml version="1.0" encoding="UTF-8"?>
<!-- Generated by org.testng.reporters.JUnitReportReporter -->
<testsuite hostname="DESKTOP-AE94GQP" name="com.tests.CrmContactTests" tests="1" failures="0" timestamp="18 May 2021 04:42:12 GMT" time="50.629" errors="0">
  <testcase name="createContact" time="50.629" classname="com.tests.CrmContactTests"/>
</testsuite> <!-- com.tests.CrmContactTests -->
