<?xml version="1.0" encoding="UTF-8"?>
<!-- Generated by org.testng.reporters.JUnitReportReporter -->
<testsuite hostname="DESKTOP-AE94GQP" name="com.tests.CrmAccountTests" tests="1" failures="0" timestamp="22 May 2021 10:43:10 GMT" time="5.263" errors="0">
  <testcase name="createAccountWithBillingAddress" time="5.263" classname="com.tests.CrmAccountTests"/>
</testsuite> <!-- com.tests.CrmAccountTests -->
