<?xml version="1.0" encoding="UTF-8"?>
<!-- Generated by org.testng.reporters.JUnitReportReporter -->
<testsuite hostname="pc-sanjanay" name="com.tests.CrmLeadTests" tests="1" failures="0" timestamp="1 Jun 2021 10:09:41 GMT" time="7.367" errors="0">
  <testcase name="createLead" time="7.367" classname="com.tests.CrmLeadTests"/>
</testsuite> <!-- com.tests.CrmLeadTests -->
