<?xml version="1.0" encoding="UTF-8"?>
<!-- Generated by org.testng.reporters.JUnitReportReporter -->
<testsuite hostname="DESKTOP-AE94GQP" name="com.tests.CrmUserTests" tests="1" failures="0" timestamp="21 May 2021 05:23:09 GMT" time="4.120" errors="0">
  <testcase name="createUser" time="4.120" classname="com.tests.CrmUserTests"/>
</testsuite> <!-- com.tests.CrmUserTests -->
