<?xml version="1.0" encoding="UTF-8"?>
<!-- Generated by org.testng.reporters.JUnitReportReporter -->
<testsuite hostname="DESKTOP-AE94GQP" name="com.tests.CrmEmailTestScripts" tests="1" failures="0" timestamp="27 May 2021 09:14:29 GMT" time="25.984" errors="0">
  <testcase name="emailTestWithAttachment" time="25.984" classname="com.tests.CrmEmailTestScripts"/>
</testsuite> <!-- com.tests.CrmEmailTestScripts -->
