<?xml version="1.0" encoding="UTF-8"?>
<!-- Generated by org.testng.reporters.JUnitReportReporter -->
<testsuite hostname="pc-sanjanay" name="com.tests.CrmAccountTests" tests="2" failures="0" timestamp="1 Jun 2021 10:13:35 GMT" time="9.529" errors="0">
  <testcase name="createAccountWithBillingAddress" time="6.294" classname="com.tests.CrmAccountTests"/>
  <testcase name="testcaseToCheckAValidPhoneNumber" time="3.235" classname="com.tests.CrmAccountTests"/>
</testsuite> <!-- com.tests.CrmAccountTests -->
