<?xml version="1.0" encoding="UTF-8"?>
<!-- Generated by org.testng.reporters.JUnitReportReporter -->
<testsuite skipped="0" hostname="DESKTOP-AE94GQP" name="com.tests.CrmAccountTests" tests="2" failures="0" timestamp="2021-05-30T10:34:44 IST" time="8.677" errors="0">
  <testcase name="createAccountWithBillingAddress" time="5.679" classname="com.tests.CrmAccountTests"/>
  <system-out/>
  <testcase name="testcaseToCheckAValidPhoneNumber" time="2.998" classname="com.tests.CrmAccountTests"/>
  <system-out/>
</testsuite> <!-- com.tests.CrmAccountTests -->
