<?xml version="1.0" encoding="UTF-8"?>
<!-- Generated by org.testng.reporters.JUnitReportReporter -->
<testsuite skipped="0" hostname="pc-sanjanay" name="com.tests.CrmContactTests" tests="1" failures="0" timestamp="2021-06-01T15:51:47 IST" time="50.105" errors="0">
  <testcase name="createContact" time="50.105" classname="com.tests.CrmContactTests"/>
  <system-out/>
</testsuite> <!-- com.tests.CrmContactTests -->
