<?xml version="1.0" encoding="UTF-8"?>
<!-- Generated by org.testng.reporters.JUnitReportReporter -->
<testsuite skipped="0" hostname="DESKTOP-AE94GQP" name="com.tests.CrmAccountTests" tests="2" failures="0" timestamp="2021-05-30T15:24:49 IST" time="14.956" errors="0">
  <testcase name="createAccountWithBillingAddress" time="10.602" classname="com.tests.CrmAccountTests"/>
  <system-out/>
  <testcase name="testcaseToCheckAValidPhoneNumber" time="4.354" classname="com.tests.CrmAccountTests"/>
  <system-out/>
</testsuite> <!-- com.tests.CrmAccountTests -->
