<?xml version="1.0" encoding="UTF-8"?>
<!-- Generated by org.testng.reporters.JUnitReportReporter -->
<testsuite skipped="0" hostname="DESKTOP-AE94GQP" name="com.tests.CrmContactTests" tests="1" failures="0" timestamp="2021-05-30T15:24:49 IST" time="51.460" errors="0">
  <testcase name="createContact" time="51.460" classname="com.tests.CrmContactTests"/>
  <system-out/>
</testsuite> <!-- com.tests.CrmContactTests -->
