<?xml version="1.0" encoding="UTF-8"?>
<!-- Generated by org.testng.reporters.JUnitReportReporter -->
<testsuite skipped="0" hostname="pc-sanjanay" name="com.tests.CrmAccountTests" tests="2" failures="0" timestamp="2021-06-01T15:51:47 IST" time="9.144" errors="0">
  <testcase name="createAccountWithBillingAddress" time="5.868" classname="com.tests.CrmAccountTests"/>
  <system-out/>
  <testcase name="testcaseToCheckAValidPhoneNumber" time="3.276" classname="com.tests.CrmAccountTests"/>
  <system-out/>
</testsuite> <!-- com.tests.CrmAccountTests -->
