<?xml version="1.0" encoding="UTF-8"?>
<!-- Generated by org.testng.reporters.JUnitReportReporter -->
<testsuite skipped="0" hostname="DESKTOP-AE94GQP" name="com.tests.CrmLeadTests" tests="1" failures="0" timestamp="2021-05-30T10:34:44 IST" time="6.994" errors="0">
  <testcase name="createLead" time="6.994" classname="com.tests.CrmLeadTests"/>
  <system-out/>
</testsuite> <!-- com.tests.CrmLeadTests -->
