<?xml version="1.0" encoding="UTF-8"?>
<!-- Generated by org.testng.reporters.JUnitReportReporter -->
<testsuite skipped="0" hostname="DESKTOP-AE94GQP" name="com.tests.CrmAccountTests" tests="2" failures="0" timestamp="2021-05-30T09:56:16 IST" time="8.496" errors="0">
  <testcase name="createAccountWithBillingAddress" time="5.538" classname="com.tests.CrmAccountTests"/>
  <system-out/>
  <testcase name="testcaseToCheckAValidPhoneNumber" time="2.958" classname="com.tests.CrmAccountTests"/>
  <system-out/>
</testsuite> <!-- com.tests.CrmAccountTests -->
