<?xml version="1.0" encoding="UTF-8"?>
<!-- Generated by org.testng.reporters.JUnitReportReporter -->
<testsuite skipped="0" hostname="DESKTOP-AE94GQP" name="com.tests.CrmContactTests" tests="1" failures="0" timestamp="2021-05-29T21:47:58 IST" time="49.301" errors="0">
  <testcase name="createContact" time="49.301" classname="com.tests.CrmContactTests"/>
  <system-out/>
</testsuite> <!-- com.tests.CrmContactTests -->
