<?xml version="1.0" encoding="UTF-8"?>
<!-- Generated by org.testng.reporters.JUnitReportReporter -->
<testsuite skipped="0" hostname="DESKTOP-AE94GQP" name="com.tests.CrmAccountTests" tests="2" failures="0" timestamp="2021-05-29T21:47:58 IST" time="7.619" errors="0">
  <testcase name="createAccountWithBillingAddress" time="5.131" classname="com.tests.CrmAccountTests"/>
  <system-out/>
  <testcase name="testcaseToCheckAValidPhoneNumber" time="2.488" classname="com.tests.CrmAccountTests"/>
  <system-out/>
</testsuite> <!-- com.tests.CrmAccountTests -->
